<?xml version="1.0" encoding="UTF-8"?>
<testng-results ignored="0" total="1" passed="1" failed="0" skipped="0">
  <reporter-output>
  </reporter-output>
  <suite started-at="2023-12-20T14:21:30 IST" name="Default suite" finished-at="2023-12-20T14:21:43 IST" duration-ms="13475">
    <groups>
      <group name="system">
        <method signature="TC_DWS_004_Test.removeFromCart()[pri:0, instance:shoppingcart.TC_DWS_004_Test@351d00c0]" name="removeFromCart" class="shoppingcart.TC_DWS_004_Test"/>
      </group> <!-- system -->
    </groups>
    <test started-at="2023-12-20T14:21:30 IST" name="Default test" finished-at="2023-12-20T14:21:43 IST" duration-ms="13475">
      <class name="shoppingcart.TC_DWS_004_Test">
        <test-method is-config="true" signature="configReports()[pri:0, instance:shoppingcart.TC_DWS_004_Test@351d00c0]" started-at="2023-12-20T14:21:29 IST" name="configReports" finished-at="2023-12-20T14:21:30 IST" duration-ms="389" status="PASS">
          <reporter-output>
          </reporter-output>
        </test-method> <!-- configReports -->
        <test-method is-config="true" signature="browserSetup(java.lang.String)[pri:0, instance:shoppingcart.TC_DWS_004_Test@351d00c0]" started-at="2023-12-20T14:21:30 IST" name="browserSetup" finished-at="2023-12-20T14:21:36 IST" duration-ms="6423" status="PASS">
          <params>
            <param index="0">
              <value>
                <![CDATA[chrome]]>
              </value>
            </param>
          </params>
          <reporter-output>
          </reporter-output>
        </test-method> <!-- browserSetup -->
        <test-method is-config="true" signature="login(java.lang.reflect.Method)[pri:0, instance:shoppingcart.TC_DWS_004_Test@351d00c0]" started-at="2023-12-20T14:21:36 IST" name="login" finished-at="2023-12-20T14:21:40 IST" duration-ms="3994" status="PASS">
          <params>
            <param index="0">
              <value>
                <![CDATA[public void shoppingcart.TC_DWS_004_Test.removeFromCart()]]>
              </value>
            </param>
          </params>
          <reporter-output>
          </reporter-output>
        </test-method> <!-- login -->
        <test-method signature="removeFromCart()[pri:0, instance:shoppingcart.TC_DWS_004_Test@351d00c0]" started-at="2023-12-20T14:21:40 IST" name="removeFromCart" finished-at="2023-12-20T14:21:42 IST" duration-ms="1361" status="PASS">
          <reporter-output>
          </reporter-output>
        </test-method> <!-- removeFromCart -->
        <test-method is-config="true" signature="logout()[pri:0, instance:shoppingcart.TC_DWS_004_Test@351d00c0]" started-at="2023-12-20T14:21:42 IST" name="logout" finished-at="2023-12-20T14:21:43 IST" duration-ms="1283" status="PASS">
          <reporter-output>
          </reporter-output>
        </test-method> <!-- logout -->
        <test-method is-config="true" signature="closeBrowser()[pri:0, instance:shoppingcart.TC_DWS_004_Test@351d00c0]" started-at="2023-12-20T14:21:43 IST" name="closeBrowser" finished-at="2023-12-20T14:21:43 IST" duration-ms="376" status="PASS">
          <reporter-output>
          </reporter-output>
        </test-method> <!-- closeBrowser -->
        <test-method is-config="true" signature="reportBackup()[pri:0, instance:shoppingcart.TC_DWS_004_Test@351d00c0]" started-at="2023-12-20T14:21:43 IST" name="reportBackup" finished-at="2023-12-20T14:21:44 IST" duration-ms="277" status="PASS">
          <reporter-output>
          </reporter-output>
        </test-method> <!-- reportBackup -->
      </class> <!-- shoppingcart.TC_DWS_004_Test -->
    </test> <!-- Default test -->
  </suite> <!-- Default suite -->
</testng-results>
